create_pdf/build/outputs/logs/manifest-merger-debug-report.txt
-- Merging decision tree log ---
manifest
ADDED from src/main/AndroidManifest.xml:2:1-9:12
INJECTED from src/main/AndroidManifest.xml:2:1-9:12
INJECTED from src/main/AndroidManifest.xml:2:1-9:12
	package
		INJECTED from src/main/AndroidManifest.xml
		ADDED from src/main/AndroidManifest.xml:2:1-9:12
		INJECTED from src/main/AndroidManifest.xml
	xmlns:android
		ADDED from src/main/AndroidManifest.xml:2:11-69
application
ADDED from src/main/AndroidManifest.xml:4:5-7:19
activity#tech.okcredit.create_pdf.activity.PDFViewerActivity
ADDED from src/main/AndroidManifest.xml:5:9-64
	android:name
		ADDED from src/main/AndroidManifest.xml:5:19-61
activity#tech.okcredit.create_pdf.activity.PDFCreatorActivity
ADDED from src/main/AndroidManifest.xml:6:9-65
	android:name
		ADDED from src/main/AndroidManifest.xml:6:19-62
uses-sdk
INJECTED from src/main/AndroidManifest.xml reason: use-sdk injection requested
INJECTED from src/main/AndroidManifest.xml
INJECTED from src/main/AndroidManifest.xml
INJECTED from src/main/AndroidManifest.xml
INJECTED from src/main/AndroidManifest.xml
	android:targetSdkVersion
		INJECTED from src/main/AndroidManifest.xml
		ADDED from src/main/AndroidManifest.xml
		INJECTED from src/main/AndroidManifest.xml
	android:minSdkVersion
		INJECTED from src/main/AndroidManifest.xml
		ADDED from src/main/AndroidManifest.xml
		INJECTED from src/main/AndroidManifest.xml